{
  "0 debug pnpm:scope": {
    "selected": 1
  },
  "1 error pnpm": {
    "errno": 1,
    "code": "ELIFECYCLE",
    "pkgid": "template-fullstack@1.0.0",
    "stage": "start",
    "script": "node server.js \"dev\"",
    "pkgname": "template-fullstack",
    "err": {
      "name": "pnpm",
      "message": "template-fullstack@1.0.0 start: `node server.js \"dev\"`\nExit status 1",
      "code": "ELIFECYCLE",
      "stack": "pnpm: template-fullstack@1.0.0 start: `node server.js \"dev\"`\nExit status 1\n    at EventEmitter.<anonymous> (/usr/local/Cellar/pnpm/6.32.6/libexec/lib/node_modules/pnpm/dist/pnpm.cjs:105736:20)\n    at EventEmitter.emit (node:events:520:28)\n    at ChildProcess.<anonymous> (/usr/local/Cellar/pnpm/6.32.6/libexec/lib/node_modules/pnpm/dist/pnpm.cjs:92297:18)\n    at ChildProcess.emit (node:events:520:28)\n    at maybeClose (node:internal/child_process:1092:16)\n    at Process.ChildProcess._handle.onexit (node:internal/child_process:302:5)"
    }
  },
  "2 warn pnpm:global": " Local package.json exists, but node_modules missing, did you mean to install?"
}